e:\jess' house\further game and graphics\cose50581 framework\debug\vc120.pdb
e:\jess' house\further game and graphics\cose50581 framework\debug\vc120.idb
e:\jess' house\further game and graphics\cose50581 framework\debug\dx11 framework.obj
e:\jess' house\further game and graphics\cose50581 framework\debug\application.obj
f:\jess' house\further game and graphics\cose50581 framework\debug\vc120.pdb
f:\jess' house\further game and graphics\cose50581 framework\debug\vc120.idb
f:\jess' house\further game and graphics\cose50581 framework\debug\dx11 framework.obj
e:\jess' house\further game and graphics\cose50581 framework\debug\dx11 framework.ilk
e:\jess' house\further game and graphics\cose50581 framework\debug\dx11 framework.exe
e:\jess' house\further game and graphics\cose50581 framework\debug\dx11 framework.pdb
e:\jess' house\further game and graphics\cose50581 framework\debug\dx11 framework.res
f:\jess' house\further game and graphics\cose50581 framework\debug\dx11 framework.ilk
f:\jess' house\further game and graphics\cose50581 framework\debug\dx11 framework.res
f:\jess' house\further game and graphics\cose50581 framework\debug\dx11 framework.pdb
f:\jess' house\further game and graphics\cose50581 framework\debug\dx11 framework.exe
f:\jess' house\further game and graphics\cose50581 framework\debug\dx11 framework.tlog\cl.command.1.tlog
f:\jess' house\further game and graphics\cose50581 framework\debug\dx11 framework.tlog\cl.read.1.tlog
f:\jess' house\further game and graphics\cose50581 framework\debug\dx11 framework.tlog\cl.write.1.tlog
f:\jess' house\further game and graphics\cose50581 framework\debug\dx11 framework.tlog\link.command.1.tlog
f:\jess' house\further game and graphics\cose50581 framework\debug\dx11 framework.tlog\link.read.1.tlog
f:\jess' house\further game and graphics\cose50581 framework\debug\dx11 framework.tlog\link.write.1.tlog
f:\jess' house\further game and graphics\cose50581 framework\debug\dx11 framework.tlog\rc.command.1.tlog
f:\jess' house\further game and graphics\cose50581 framework\debug\dx11 framework.tlog\rc.read.1.tlog
f:\jess' house\further game and graphics\cose50581 framework\debug\dx11 framework.tlog\rc.write.1.tlog
